#
# A fatal error has been detected by the Java Runtime Environment:
#
#  Internal Error (classFileParser.cpp:3161), pid=8172, tid=5904
#  Error: ShouldNotReachHere()
#
# JRE version: 6.0_21-b06
# Java VM: Java HotSpot(TM) Client VM (17.0-b16 mixed mode windows-x86 )
# If you would like to submit a bug report, please visit:
#   http://java.sun.com/webapps/bugreport/crash.jsp
#

---------------  T H R E A D  ---------------

Current thread (0x024b9c00):  JavaThread "Unknown thread" [_thread_in_vm, id=5904, stack(0x00290000,0x002e0000)]

Stack: [0x00290000,0x002e0000],  sp=0x002df880,  free space=13e002df890k
Native frames: (J=compiled Java code, j=interpreted, Vv=VM code, C=native code)
V  [jvm.dll+0x1fd090]
V  [jvm.dll+0xa47c9]
V  [jvm.dll+0x75f01]
V  [jvm.dll+0x775a4]
V  [jvm.dll+0x1cbcb5]
V  [jvm.dll+0x1cc3ed]
V  [jvm.dll+0x1cc7a5]
V  [jvm.dll+0x1cc7eb]
V  [jvm.dll+0x1cc912]
V  [jvm.dll+0x1cc98a]
V  [jvm.dll+0x1cce3d]
V  [jvm.dll+0x1cd252]
V  [jvm.dll+0x1eceb3]
V  [jvm.dll+0x1ed28c]
V  [jvm.dll+0xdb721]
V  [jvm.dll+0x1e6618]
V  [jvm.dll+0x1065d0]
C  [javaw.exe+0x1657]
C  [javaw.exe+0x1e2c]
C  [javaw.exe+0x8614]
C  [kernel32.dll+0x1338a]
C  [ntdll.dll+0x39f72]
C  [ntdll.dll+0x39f45]


---------------  P R O C E S S  ---------------

Java Threads: ( => current thread )

Other Threads:

=>0x024b9c00 (exited) JavaThread "Unknown thread" [_thread_in_vm, id=5904, stack(0x00290000,0x002e0000)]

VM state:not at safepoint (not fully initialized)

VM Mutex/Monitor currently owned by a thread: None

Dynamic libraries:
0x00400000 - 0x00424000 	D:\Program Files (x86)\Java\jre6\bin\javaw.exe
0x77c40000 - 0x77dc0000 	C:\Windows\SysWOW64\ntdll.dll
0x75360000 - 0x75470000 	C:\Windows\syswow64\kernel32.dll
0x76b30000 - 0x76b77000 	C:\Windows\syswow64\KERNELBASE.dll
0x76cf0000 - 0x76d90000 	C:\Windows\syswow64\ADVAPI32.dll
0x75c00000 - 0x75cac000 	C:\Windows\syswow64\msvcrt.dll
0x75a20000 - 0x75a39000 	C:\Windows\SysWOW64\sechost.dll
0x77390000 - 0x77480000 	C:\Windows\syswow64\RPCRT4.dll
0x751d0000 - 0x75230000 	C:\Windows\syswow64\SspiCli.dll
0x751c0000 - 0x751cc000 	C:\Windows\syswow64\CRYPTBASE.dll
0x76fe0000 - 0x770e0000 	C:\Windows\syswow64\USER32.dll
0x76b90000 - 0x76c20000 	C:\Windows\syswow64\GDI32.dll
0x75600000 - 0x7560a000 	C:\Windows\syswow64\LPK.dll
0x76d90000 - 0x76e2d000 	C:\Windows\syswow64\USP10.dll
0x75d70000 - 0x75dd0000 	C:\Windows\system32\IMM32.DLL
0x75650000 - 0x7571c000 	C:\Windows\syswow64\MSCTF.dll
0x7c340000 - 0x7c396000 	D:\Program Files (x86)\Java\jre6\bin\msvcr71.dll
0x6d800000 - 0x6daa7000 	D:\Program Files (x86)\Java\jre6\bin\client\jvm.dll
0x77260000 - 0x77292000 	C:\Windows\syswow64\WINMM.dll
0x710a0000 - 0x710ec000 	C:\Windows\system32\apphelp.dll
0x6d7b0000 - 0x6d7bc000 	D:\Program Files (x86)\Java\jre6\bin\verify.dll
0x6d330000 - 0x6d34f000 	D:\Program Files (x86)\Java\jre6\bin\java.dll
0x6d290000 - 0x6d298000 	D:\Program Files (x86)\Java\jre6\bin\hpi.dll
0x76ef0000 - 0x76ef5000 	C:\Windows\syswow64\PSAPI.DLL
0x6d7f0000 - 0x6d7ff000 	D:\Program Files (x86)\Java\jre6\bin\zip.dll

VM Arguments:
jvm_args: -Dfile.encoding=GBK -Xbootclasspath:D:\software\adt-bundle-windows-x86_64-20140321\adt-bundle-windows-x86_64-20140321\sdk\platforms\android-19\android.jar 
java_command: com.jsdf.http.Httpservice
Launcher Type: SUN_STANDARD

Environment Variables:
JAVA_HOME=D:\Program Files\Java\jdk1.8.0_05
PATH=D:/Program Files (x86)/Java/jre6/bin/client;D:/Program Files (x86)/Java/jre6/bin;D:/Program Files (x86)/Java/jre6/lib/i386;C:\Program Files (x86)\SepanderSoft;C:\Program Files (x86)\Common Files\NetSarang;D:\app\Henry\product\11.1.0\client_1\bin;C:\Program Files (x86)\Intel\iCLS Client\;C:\Program Files\Intel\iCLS Client\;C:\Windows\system32;C:\Windows;C:\Windows\System32\Wbem;C:\Windows\System32\WindowsPowerShell\v1.0\;C:\Program Files (x86)\Windows Live\Shared;C:\Program Files (x86)\Intel\OpenCL SDK\2.0\bin\x86;C:\Program Files (x86)\Intel\OpenCL SDK\2.0\bin\x64;C:\Program Files\Intel\Intel(R) Management Engine Components\DAL;C:\Program Files\Intel\Intel(R) Management Engine Components\IPT;C:\Program Files (x86)\Intel\Intel(R) Management Engine Components\DAL;C:\Program Files (x86)\Intel\Intel(R) Management Engine Components\IPT;C:\Program Files\Acer ProShield\;C:\Program Files\Acer ProShield\x86;D:\Program Files\TortoiseSVN\bin;D:\Program Files (x86)\Java\jdk1.6.0_21\bin;C:\Program Files\Microsoft\Web Platform Installer\;C:\Program Files (x86)\Microsoft ASP.NET\ASP.NET Web Pages\v1.0\;C:\Program Files (x86)\Windows Kits\8.0\Windows Performance Toolkit\;C:\Program Files\Microsoft SQL Server\110\Tools\Binn\;D:\software\dmg2img;D:\Program Files\MinGW2\bin;d:\Program Files (x86)\Git\cmd;C:\Program Files\nodejs\;D:\Program Files\Java\jdk1.8.0_05\bin;D:\software\apache-maven-3.2.1\bin;C:\Users\Henry\AppData\Roaming\npm;D:\Program Files\eclipse;
USERNAME=Henry
OS=Windows_NT
PROCESSOR_IDENTIFIER=Intel64 Family 6 Model 58 Stepping 9, GenuineIntel



---------------  S Y S T E M  ---------------

OS: Windows 7 Build 7601 Service Pack 1

CPU:total 4 (8 cores per cpu, 2 threads per core) family 6 model 58 stepping 9, cmov, cx8, fxsr, mmx, sse, sse2, sse3, ssse3, sse4.1, sse4.2, popcnt, ht

Memory: 4k page, physical 4028780k(1523196k free), swap 8055700k(4684916k free)

vm_info: Java HotSpot(TM) Client VM (17.0-b16) for windows-x86 JRE (1.6.0_21-b06), built on Jun 22 2010 00:56:49 by "java_re" with MS VC++ 7.1 (VS2003)

time: Fri Jun 20 19:42:54 2014
elapsed time: 0 seconds

